# JRE version: Java(TM) SE Runtime Environment (8.0_172-b11) (build 1.8.0_172-b11)
# Java VM: Java HotSpot(TM) 64-Bit Server VM (25.172-b11 mixed mode windows-amd64 compressed oops)
Heap:
 PSYoungGen      total 226816K, used 209942K [0x000000076b400000, 0x000000077b680000, 0x00000007c0000000)
  eden space 203776K, 91% used [0x000000076b400000,0x0000000776a87ff8,0x0000000777b00000)
  from space 23040K, 99% used [0x0000000779500000,0x000000077ab7d850,0x000000077ab80000)
  to   space 26624K, 0% used [0x0000000777b00000,0x0000000777b00000,0x0000000779500000)
 ParOldGen       total 201728K, used 38984K [0x00000006c1c00000, 0x00000006ce100000, 0x000000076b400000)
  object space 201728K, 19% used [0x00000006c1c00000,0x00000006c4212398,0x00000006ce100000)
 Metaspace       used 48737K, capacity 50566K, committed 50776K, reserved 1093632K
  class space    used 6331K, capacity 6731K, committed 6784K, reserved 1048576K
GC Heap History (10 events):
Event: 5.149 GC heap before
{Heap before GC invocations=10 (full 2):
 PSYoungGen      total 153088K, used 144078K [0x000000076b400000, 0x0000000777680000, 0x00000007c0000000)
  eden space 137216K, 100% used [0x000000076b400000,0x0000000773a00000,0x0000000773a00000)
  from space 15872K, 43% used [0x0000000773a00000,0x00000007740b3820,0x0000000774980000)
  to   space 15872K, 0% used [0x0000000776700000,0x0000000776700000,0x0000000777680000)
 ParOldGen       total 201728K, used 24797K [0x00000006c1c00000, 0x00000006ce100000, 0x000000076b400000)
  object space 201728K, 12% used [0x00000006c1c00000,0x00000006c3437578,0x00000006ce100000)
 Metaspace       used 37838K, capacity 38528K, committed 38744K, reserved 1083392K
  class space    used 4781K, capacity 4944K, committed 4992K, reserved 1048576K
Event: 5.156 GC heap after
Heap after GC invocations=10 (full 2):
 PSYoungGen      total 183296K, used 7199K [0x000000076b400000, 0x0000000777600000, 0x00000007c0000000)
  eden space 167936K, 0% used [0x000000076b400000,0x000000076b400000,0x0000000775800000)
  from space 15360K, 46% used [0x0000000776700000,0x0000000776e07f20,0x0000000777600000)
  to   space 15360K, 0% used [0x0000000775800000,0x0000000775800000,0x0000000776700000)
 ParOldGen       total 201728K, used 24805K [0x00000006c1c00000, 0x00000006ce100000, 0x000000076b400000)
  object space 201728K, 12% used [0x00000006c1c00000,0x00000006c3439578,0x00000006ce100000)
 Metaspace       used 37838K, capacity 38528K, committed 38744K, reserved 1083392K
  class space    used 4781K, capacity 4944K, committed 4992K, reserved 1048576K
}
Event: 5.936 GC heap before
{Heap before GC invocations=11 (full 2):
 PSYoungGen      total 183296K, used 175135K [0x000000076b400000, 0x0000000777600000, 0x00000007c0000000)
  eden space 167936K, 100% used [0x000000076b400000,0x0000000775800000,0x0000000775800000)
  from space 15360K, 46% used [0x0000000776700000,0x0000000776e07f20,0x0000000777600000)
  to   space 15360K, 0% used [0x0000000775800000,0x0000000775800000,0x0000000776700000)
 ParOldGen       total 201728K, used 24805K [0x00000006c1c00000, 0x00000006ce100000, 0x000000076b400000)
  object space 201728K, 12% used [0x00000006c1c00000,0x00000006c3439578,0x00000006ce100000)
 Metaspace       used 38218K, capacity 38816K, committed 39000K, reserved 1083392K
  class space    used 4822K, capacity 4976K, committed 4992K, reserved 1048576K
Event: 5.953 GC heap after
Heap after GC invocations=11 (full 2):
 PSYoungGen      total 183296K, used 9061K [0x000000076b400000, 0x0000000778a00000, 0x00000007c0000000)
  eden space 167936K, 0% used [0x000000076b400000,0x000000076b400000,0x0000000775800000)
  from space 15360K, 58% used [0x0000000775800000,0x00000007760d9450,0x0000000776700000)
  to   space 14848K, 0% used [0x0000000777b80000,0x0000000777b80000,0x0000000778a00000)
 ParOldGen       total 201728K, used 24813K [0x00000006c1c00000, 0x00000006ce100000, 0x000000076b400000)
  object space 201728K, 12% used [0x00000006c1c00000,0x00000006c343b578,0x00000006ce100000)
 Metaspace       used 38218K, capacity 38816K, committed 39000K, reserved 1083392K
  class space    used 4822K, capacity 4976K, committed 4992K, reserved 1048576K
}
Event: 6.991 GC heap before
{Heap before GC invocations=12 (full 2):
 PSYoungGen      total 183296K, used 176997K [0x000000076b400000, 0x0000000778a00000, 0x00000007c0000000)
  eden space 167936K, 100% used [0x000000076b400000,0x0000000775800000,0x0000000775800000)
  from space 15360K, 58% used [0x0000000775800000,0x00000007760d9450,0x0000000776700000)
  to   space 14848K, 0% used [0x0000000777b80000,0x0000000777b80000,0x0000000778a00000)
 ParOldGen       total 201728K, used 24813K [0x00000006c1c00000, 0x00000006ce100000, 0x000000076b400000)
  object space 201728K, 12% used [0x00000006c1c00000,0x00000006c343b578,0x00000006ce100000)
 Metaspace       used 43703K, capacity 45050K, committed 45272K, reserved 1089536K
  class space    used 5828K, capacity 6115K, committed 6144K, reserved 1048576K
Event: 7.004 GC heap after
Heap after GC invocations=12 (full 2):
 PSYoungGen      total 201728K, used 14846K [0x000000076b400000, 0x0000000778f00000, 0x00000007c0000000)
  eden space 186880K, 0% used [0x000000076b400000,0x000000076b400000,0x0000000776a80000)
  from space 14848K, 99% used [0x0000000777b80000,0x00000007789ff828,0x0000000778a00000)
  to   space 17408K, 0% used [0x0000000776a80000,0x0000000776a80000,0x0000000777b80000)
 ParOldGen       total 201728K, used 27069K [0x00000006c1c00000, 0x00000006ce100000, 0x000000076b400000)
  object space 201728K, 13% used [0x00000006c1c00000,0x00000006c366f728,0x00000006ce100000)
 Metaspace       used 43703K, capacity 45050K, committed 45272K, reserved 1089536K
  class space    used 5828K, capacity 6115K, committed 6144K, reserved 1048576K
}
Event: 11.666 GC heap before
{Heap before GC invocations=13 (full 2):
 PSYoungGen      total 201728K, used 201726K [0x000000076b400000, 0x0000000778f00000, 0x00000007c0000000)
  eden space 186880K, 100% used [0x000000076b400000,0x0000000776a80000,0x0000000776a80000)
  from space 14848K, 99% used [0x0000000777b80000,0x00000007789ff828,0x0000000778a00000)
  to   space 17408K, 0% used [0x0000000776a80000,0x0000000776a80000,0x0000000777b80000)
 ParOldGen       total 201728K, used 27069K [0x00000006c1c00000, 0x00000006ce100000, 0x000000076b400000)
  object space 201728K, 13% used [0x00000006c1c00000,0x00000006c366f728,0x00000006ce100000)
 Metaspace       used 46880K, capacity 48426K, committed 48728K, reserved 1091584K
  class space    used 6142K, capacity 6475K, committed 6528K, reserved 1048576K
Event: 11.683 GC heap after
Heap after GC invocations=13 (full 2):
 PSYoungGen      total 204288K, used 17400K [0x000000076b400000, 0x000000077ab80000, 0x00000007c0000000)
  eden space 186880K, 0% used [0x000000076b400000,0x000000076b400000,0x0000000776a80000)
  from space 17408K, 99% used [0x0000000776a80000,0x0000000777b7e040,0x0000000777b80000)
  to   space 23040K, 0% used [0x0000000779500000,0x0000000779500000,0x000000077ab80000)
 ParOldGen       total 201728K, used 37852K [0x00000006c1c00000, 0x00000006ce100000, 0x000000076b400000)
  object space 201728K, 18% used [0x00000006c1c00000,0x00000006c40f70e0,0x00000006ce100000)
 Metaspace       used 46880K, capacity 48426K, committed 48728K, reserved 1091584K
  class space    used 6142K, capacity 6475K, committed 6528K, reserved 1048576K
}
Event: 12.265 GC heap before
{Heap before GC invocations=14 (full 2):
 PSYoungGen      total 204288K, used 204280K [0x000000076b400000, 0x000000077ab80000, 0x00000007c0000000)
  eden space 186880K, 100% used [0x000000076b400000,0x0000000776a80000,0x0000000776a80000)
  from space 17408K, 99% used [0x0000000776a80000,0x0000000777b7e040,0x0000000777b80000)
  to   space 23040K, 0% used [0x0000000779500000,0x0000000779500000,0x000000077ab80000)
 ParOldGen       total 201728K, used 37852K [0x00000006c1c00000, 0x00000006ce100000, 0x000000076b400000)
  object space 201728K, 18% used [0x00000006c1c00000,0x00000006c40f70e0,0x00000006ce100000)
 Metaspace       used 47297K, capacity 48906K, committed 48984K, reserved 1091584K
  class space    used 6172K, capacity 6507K, committed 6528K, reserved 1048576K
Event: 12.287 GC heap after
Heap after GC invocations=14 (full 2):
 PSYoungGen      total 226816K, used 23030K [0x000000076b400000, 0x000000077b680000, 0x00000007c0000000)
  eden space 203776K, 0% used [0x000000076b400000,0x000000076b400000,0x0000000777b00000)
  from space 23040K, 99% used [0x0000000779500000,0x000000077ab7d850,0x000000077ab80000)
  to   space 26624K, 0% used [0x0000000777b00000,0x0000000777b00000,0x0000000779500000)
 ParOldGen       total 201728K, used 38984K [0x00000006c1c00000, 0x00000006ce100000, 0x000000076b400000)
  object space 201728K, 19% used [0x00000006c1c00000,0x00000006c4212398,0x00000006ce100000)
 Metaspace       used 47297K, capacity 48906K, committed 48984K, reserved 1091584K
  class space    used 6172K, capacity 6507K, committed 6528K, reserved 1048576K
}

